<?xml version="1.0" encoding="UTF-8"?>
<!-- Generated by org.testng.reporters.JUnitXMLReporter -->
<testsuite ignored="0" hostname="DESKTOP-2BVQLNA" failures="0" tests="4" name="Default test" time="0.118" errors="0" timestamp="2023-05-11T17:35:47 IST">
  <testcase classname="JenkinsRun.JenkinsProgram" name="startEngine" time="0.014"/>
  <testcase classname="JenkinsRun.JenkinsProgram" name="putFirstGear" time="0.002"/>
  <testcase classname="JenkinsRun.JenkinsProgram" name="putSecondGear" time="0.005"/>
  <testcase classname="JenkinsRun.JenkinsProgram" name="putThirdGear" time="0.001"/>
</testsuite> <!-- Default test -->
