<?xml version="1.0" encoding="UTF-8"?>
<testng-results ignored="0" total="4" passed="4" failed="0" skipped="0">
  <reporter-output>
  </reporter-output>
  <suite started-at="2023-05-11T17:35:47 IST" name="Default suite" finished-at="2023-05-11T17:35:47 IST" duration-ms="118">
    <groups>
    </groups>
    <test started-at="2023-05-11T17:35:47 IST" name="Default test" finished-at="2023-05-11T17:35:47 IST" duration-ms="118">
      <class name="JenkinsRun.JenkinsProgram">
        <test-method signature="startEngine()[pri:1, instance:JenkinsRun.JenkinsProgram@120f102b]" started-at="2023-05-11T17:35:47 IST" name="startEngine" finished-at="2023-05-11T17:35:47 IST" duration-ms="14" status="PASS">
          <reporter-output>
          </reporter-output>
        </test-method> <!-- startEngine -->
        <test-method signature="putFirstGear()[pri:2, instance:JenkinsRun.JenkinsProgram@120f102b]" started-at="2023-05-11T17:35:47 IST" name="putFirstGear" finished-at="2023-05-11T17:35:47 IST" duration-ms="2" status="PASS">
          <reporter-output>
          </reporter-output>
        </test-method> <!-- putFirstGear -->
        <test-method signature="putSecondGear()[pri:3, instance:JenkinsRun.JenkinsProgram@120f102b]" started-at="2023-05-11T17:35:47 IST" name="putSecondGear" finished-at="2023-05-11T17:35:47 IST" duration-ms="5" status="PASS">
          <reporter-output>
          </reporter-output>
        </test-method> <!-- putSecondGear -->
        <test-method signature="putThirdGear()[pri:4, instance:JenkinsRun.JenkinsProgram@120f102b]" started-at="2023-05-11T17:35:47 IST" name="putThirdGear" finished-at="2023-05-11T17:35:47 IST" duration-ms="1" status="PASS">
          <reporter-output>
          </reporter-output>
        </test-method> <!-- putThirdGear -->
      </class> <!-- JenkinsRun.JenkinsProgram -->
    </test> <!-- Default test -->
  </suite> <!-- Default suite -->
</testng-results>
